<?xml version="1.0" encoding="UTF-8"?>
<coverage generated="1689592372702" clover="3.2.0">
  <project timestamp="1689592372702" name="All files">
    <metrics statements="68" coveredstatements="54" conditionals="17" coveredconditionals="8" methods="8" coveredmethods="5" elements="93" coveredelements="67" complexity="0" loc="68" ncloc="68" packages="1" files="3" classes="3"/>
    <file name="calculations.ts" path="/Users/urthor/projects/aussie-tax-calculator/src/calculations.ts">
      <metrics statements="16" coveredstatements="16" conditionals="2" coveredconditionals="2" methods="1" coveredmethods="1"/>
      <line num="1" count="1" type="stmt"/>
      <line num="6" count="10" type="stmt"/>
      <line num="7" count="10" type="stmt"/>
      <line num="9" count="10" type="stmt"/>
      <line num="10" count="33" type="stmt"/>
      <line num="12" count="33" type="cond" truecount="1" falsecount="0"/>
      <line num="13" count="5" type="stmt"/>
      <line num="16" count="33" type="stmt"/>
      <line num="18" count="33" type="cond" truecount="1" falsecount="0"/>
      <line num="19" count="5" type="stmt"/>
      <line num="20" count="5" type="stmt"/>
      <line num="21" count="5" type="stmt"/>
      <line num="24" count="28" type="stmt"/>
      <line num="25" count="28" type="stmt"/>
      <line num="27" count="28" type="stmt"/>
      <line num="30" count="5" type="stmt"/>
    </file>
    <file name="constants.ts" path="/Users/urthor/projects/aussie-tax-calculator/src/constants.ts">
      <metrics statements="10" coveredstatements="10" conditionals="0" coveredconditionals="0" methods="0" coveredmethods="0"/>
      <line num="1" count="4" type="stmt"/>
      <line num="2" count="4" type="stmt"/>
      <line num="4" count="4" type="stmt"/>
      <line num="6" count="4" type="stmt"/>
      <line num="14" count="4" type="stmt"/>
      <line num="22" count="4" type="stmt"/>
      <line num="30" count="4" type="stmt"/>
      <line num="38" count="4" type="stmt"/>
      <line num="52" count="4" type="stmt"/>
      <line num="81" count="4" type="stmt"/>
    </file>
    <file name="utils.ts" path="/Users/urthor/projects/aussie-tax-calculator/src/utils.ts">
      <metrics statements="42" coveredstatements="28" conditionals="15" coveredconditionals="6" methods="7" coveredmethods="4"/>
      <line num="1" count="4" type="stmt"/>
      <line num="3" count="4" type="stmt"/>
      <line num="4" count="0" type="stmt"/>
      <line num="5" count="0" type="stmt"/>
      <line num="7" count="0" type="cond" truecount="0" falsecount="1"/>
      <line num="8" count="0" type="stmt"/>
      <line num="10" count="0" type="stmt"/>
      <line num="13" count="0" type="stmt"/>
      <line num="17" count="4" type="stmt"/>
      <line num="18" count="6" type="stmt"/>
      <line num="19" count="6" type="cond" truecount="3" falsecount="0"/>
      <line num="20" count="3" type="stmt"/>
      <line num="22" count="3" type="stmt"/>
      <line num="25" count="4" type="stmt"/>
      <line num="26" count="4" type="stmt"/>
      <line num="28" count="4" type="cond" truecount="1" falsecount="0"/>
      <line num="29" count="1" type="stmt"/>
      <line num="32" count="3" type="stmt"/>
      <line num="35" count="4" type="stmt"/>
      <line num="36" count="9" type="stmt"/>
      <line num="37" count="9" type="stmt"/>
      <line num="39" count="9" type="stmt"/>
      <line num="40" count="37" type="stmt"/>
      <line num="42" count="37" type="cond" truecount="1" falsecount="0"/>
      <line num="43" count="9" type="stmt"/>
      <line num="47" count="37" type="cond" truecount="0" falsecount="1"/>
      <line num="48" count="0" type="stmt"/>
      <line num="51" count="37" type="stmt"/>
      <line num="52" count="37" type="stmt"/>
      <line num="53" count="37" type="stmt"/>
      <line num="56" count="9" type="stmt"/>
      <line num="59" count="4" type="stmt"/>
      <line num="60" count="37" type="cond" truecount="1" falsecount="1"/>
      <line num="61" count="37" type="stmt"/>
      <line num="62" count="0" type="cond" truecount="0" falsecount="2"/>
      <line num="63" count="0" type="stmt"/>
      <line num="64" count="0" type="cond" truecount="0" falsecount="3"/>
      <line num="65" count="0" type="stmt"/>
      <line num="68" count="0" type="stmt"/>
      <line num="71" count="4" type="stmt"/>
      <line num="72" count="0" type="cond" truecount="0" falsecount="1"/>
      <line num="73" count="0" type="stmt"/>
    </file>
  </project>
</coverage>
