{"/Users/urthor/projects/aussie-tax-calculator/src/calculations.ts": {"path":"/Users/urthor/projects/aussie-tax-calculator/src/calculations.ts","statementMap":{"0":{"start":{"line":6,"column":23},"end":{"line":6,"column":24}},"1":{"start":{"line":7,"column":19},"end":{"line":7,"column":20}},"2":{"start":{"line":9,"column":4},"end":{"line":28,"column":null}},"3":{"start":{"line":10,"column":25},"end":{"line":10,"column":28}},"4":{"start":{"line":12,"column":8},"end":{"line":14,"column":null}},"5":{"start":{"line":13,"column":12},"end":{"line":13,"column":32}},"6":{"start":{"line":16,"column":29},"end":{"line":16,"column":54}},"7":{"start":{"line":18,"column":8},"end":{"line":22,"column":null}},"8":{"start":{"line":19,"column":12},"end":{"line":19,"column":51}},"9":{"start":{"line":20,"column":12},"end":{"line":20,"column":49}},"10":{"start":{"line":21,"column":12},"end":{"line":21,"column":28}},"11":{"start":{"line":24,"column":18},"end":{"line":24,"column":42}},"12":{"start":{"line":25,"column":8},"end":{"line":25,"column":24}},"13":{"start":{"line":27,"column":8},"end":{"line":27,"column":34}},"14":{"start":{"line":30,"column":4},"end":{"line":30,"column":20}},"15":{"start":{"line":1,"column":0},"end":{"line":1,"column":16}}},"fnMap":{"0":{"name":"calculateGrossTax","decl":{"start":{"line":1,"column":16},"end":{"line":1,"column":33}},"loc":{"start":{"line":1,"column":82},"end":{"line":31,"column":1}}}},"branchMap":{"0":{"loc":{"start":{"line":12,"column":8},"end":{"line":14,"column":null}},"type":"if","locations":[{"start":{"line":12,"column":8},"end":{"line":14,"column":null}}]},"1":{"loc":{"start":{"line":18,"column":8},"end":{"line":22,"column":null}},"type":"if","locations":[{"start":{"line":18,"column":8},"end":{"line":22,"column":null}}]}},"s":{"0":10,"1":10,"2":10,"3":33,"4":33,"5":5,"6":33,"7":33,"8":5,"9":5,"10":5,"11":28,"12":28,"13":28,"14":5,"15":1},"f":{"0":10},"b":{"0":[5],"1":[5]}}
,"/Users/urthor/projects/aussie-tax-calculator/src/constants.ts": {"path":"/Users/urthor/projects/aussie-tax-calculator/src/constants.ts","statementMap":{"0":{"start":{"line":1,"column":0},"end":{"line":1,"column":24}},"1":{"start":{"line":2,"column":0},"end":{"line":2,"column":25}},"2":{"start":{"line":4,"column":13},"end":{"line":4,"column":120}},"3":{"start":{"line":6,"column":13},"end":{"line":12,"column":3}},"4":{"start":{"line":14,"column":13},"end":{"line":20,"column":3}},"5":{"start":{"line":22,"column":13},"end":{"line":28,"column":3}},"6":{"start":{"line":30,"column":13},"end":{"line":36,"column":3}},"7":{"start":{"line":38,"column":13},"end":{"line":50,"column":3}},"8":{"start":{"line":52,"column":13},"end":{"line":79,"column":8}},"9":{"start":{"line":81,"column":13},"end":{"line":111,"column":2}}},"fnMap":{},"branchMap":{},"s":{"0":4,"1":4,"2":4,"3":4,"4":4,"5":4,"6":4,"7":4,"8":4,"9":4},"f":{},"b":{}}
,"/Users/urthor/projects/aussie-tax-calculator/src/utils.ts": {"path":"/Users/urthor/projects/aussie-tax-calculator/src/utils.ts","statementMap":{"0":{"start":{"line":1,"column":0},"end":{"line":1,"column":47}},"1":{"start":{"line":4,"column":4},"end":{"line":14,"column":null}},"2":{"start":{"line":5,"column":26},"end":{"line":12,"column":23}},"3":{"start":{"line":7,"column":16},"end":{"line":9,"column":null}},"4":{"start":{"line":8,"column":20},"end":{"line":8,"column":52}},"5":{"start":{"line":10,"column":16},"end":{"line":10,"column":52}},"6":{"start":{"line":13,"column":8},"end":{"line":13,"column":44}},"7":{"start":{"line":3,"column":0},"end":{"line":3,"column":16}},"8":{"start":{"line":18,"column":19},"end":{"line":18,"column":32}},"9":{"start":{"line":19,"column":4},"end":{"line":21,"column":null}},"10":{"start":{"line":20,"column":8},"end":{"line":20,"column":52}},"11":{"start":{"line":22,"column":4},"end":{"line":22,"column":37}},"12":{"start":{"line":17,"column":0},"end":{"line":17,"column":16}},"13":{"start":{"line":26,"column":22},"end":{"line":26,"column":53}},"14":{"start":{"line":28,"column":4},"end":{"line":30,"column":null}},"15":{"start":{"line":29,"column":8},"end":{"line":29,"column":106}},"16":{"start":{"line":32,"column":4},"end":{"line":32,"column":23}},"17":{"start":{"line":25,"column":0},"end":{"line":25,"column":16}},"18":{"start":{"line":36,"column":21},"end":{"line":36,"column":37}},"19":{"start":{"line":37,"column":22},"end":{"line":37,"column":47}},"20":{"start":{"line":39,"column":4},"end":{"line":54,"column":null}},"21":{"start":{"line":39,"column":17},"end":{"line":39,"column":18}},"22":{"start":{"line":40,"column":22},"end":{"line":40,"column":46}},"23":{"start":{"line":42,"column":8},"end":{"line":45,"column":null}},"24":{"start":{"line":43,"column":12},"end":{"line":43,"column":60}},"25":{"start":{"line":47,"column":8},"end":{"line":49,"column":null}},"26":{"start":{"line":48,"column":12},"end":{"line":48,"column":113}},"27":{"start":{"line":51,"column":18},"end":{"line":51,"column":36}},"28":{"start":{"line":52,"column":20},"end":{"line":52,"column":38}},"29":{"start":{"line":53,"column":8},"end":{"line":53,"column":36}},"30":{"start":{"line":56,"column":4},"end":{"line":56,"column":23}},"31":{"start":{"line":35,"column":0},"end":{"line":35,"column":16}},"32":{"start":{"line":60,"column":4},"end":{"line":66,"column":null}},"33":{"start":{"line":61,"column":8},"end":{"line":61,"column":21}},"34":{"start":{"line":62,"column":11},"end":{"line":66,"column":null}},"35":{"start":{"line":63,"column":8},"end":{"line":63,"column":21}},"36":{"start":{"line":64,"column":11},"end":{"line":66,"column":null}},"37":{"start":{"line":65,"column":8},"end":{"line":65,"column":21}},"38":{"start":{"line":68,"column":4},"end":{"line":68,"column":16}},"39":{"start":{"line":59,"column":0},"end":{"line":59,"column":16}},"40":{"start":{"line":72,"column":4},"end":{"line":74,"column":null}},"41":{"start":{"line":73,"column":8},"end":{"line":73,"column":61}},"42":{"start":{"line":71,"column":0},"end":{"line":71,"column":16}}},"fnMap":{"0":{"name":"printTaxBrackets","decl":{"start":{"line":3,"column":16},"end":{"line":3,"column":32}},"loc":{"start":{"line":3,"column":85},"end":{"line":15,"column":1}}},"1":{"name":"(anonymous_1)","decl":{"start":{"line":6,"column":17},"end":{"line":6,"column":18}},"loc":{"start":{"line":6,"column":44},"end":{"line":11,"column":13}}},"2":{"name":"parseIncome","decl":{"start":{"line":17,"column":16},"end":{"line":17,"column":27}},"loc":{"start":{"line":17,"column":41},"end":{"line":23,"column":1}}},"3":{"name":"getTaxBrackets","decl":{"start":{"line":25,"column":16},"end":{"line":25,"column":30}},"loc":{"start":{"line":25,"column":46},"end":{"line":33,"column":1}}},"4":{"name":"parseCustomTaxBracket","decl":{"start":{"line":35,"column":16},"end":{"line":35,"column":37}},"loc":{"start":{"line":35,"column":51},"end":{"line":57,"column":1}}},"5":{"name":"checkBrackeErrors","decl":{"start":{"line":59,"column":16},"end":{"line":59,"column":33}},"loc":{"start":{"line":59,"column":51},"end":{"line":69,"column":1}}},"6":{"name":"checkNumberOfArgs","decl":{"start":{"line":71,"column":16},"end":{"line":71,"column":33}},"loc":{"start":{"line":71,"column":48},"end":{"line":75,"column":1}}}},"branchMap":{"0":{"loc":{"start":{"line":7,"column":16},"end":{"line":9,"column":null}},"type":"if","locations":[{"start":{"line":7,"column":16},"end":{"line":9,"column":null}}]},"1":{"loc":{"start":{"line":19,"column":4},"end":{"line":21,"column":null}},"type":"if","locations":[{"start":{"line":19,"column":4},"end":{"line":21,"column":null}}]},"2":{"loc":{"start":{"line":19,"column":8},"end":{"line":19,"column":43}},"type":"binary-expr","locations":[{"start":{"line":19,"column":8},"end":{"line":19,"column":21}},{"start":{"line":19,"column":25},"end":{"line":19,"column":43}}]},"3":{"loc":{"start":{"line":28,"column":4},"end":{"line":30,"column":null}},"type":"if","locations":[{"start":{"line":28,"column":4},"end":{"line":30,"column":null}}]},"4":{"loc":{"start":{"line":42,"column":8},"end":{"line":45,"column":null}},"type":"if","locations":[{"start":{"line":42,"column":8},"end":{"line":45,"column":null}}]},"5":{"loc":{"start":{"line":47,"column":8},"end":{"line":49,"column":null}},"type":"if","locations":[{"start":{"line":47,"column":8},"end":{"line":49,"column":null}}]},"6":{"loc":{"start":{"line":60,"column":4},"end":{"line":66,"column":null}},"type":"if","locations":[{"start":{"line":60,"column":4},"end":{"line":66,"column":null}},{"start":{"line":62,"column":11},"end":{"line":66,"column":null}}]},"7":{"loc":{"start":{"line":62,"column":11},"end":{"line":66,"column":null}},"type":"if","locations":[{"start":{"line":62,"column":11},"end":{"line":66,"column":null}},{"start":{"line":64,"column":11},"end":{"line":66,"column":null}}]},"8":{"loc":{"start":{"line":64,"column":11},"end":{"line":66,"column":null}},"type":"if","locations":[{"start":{"line":64,"column":11},"end":{"line":66,"column":null}}]},"9":{"loc":{"start":{"line":64,"column":15},"end":{"line":64,"column":69}},"type":"binary-expr","locations":[{"start":{"line":64,"column":15},"end":{"line":64,"column":40}},{"start":{"line":64,"column":44},"end":{"line":64,"column":69}}]},"10":{"loc":{"start":{"line":72,"column":4},"end":{"line":74,"column":null}},"type":"if","locations":[{"start":{"line":72,"column":4},"end":{"line":74,"column":null}}]}},"s":{"0":4,"1":0,"2":0,"3":0,"4":0,"5":0,"6":0,"7":4,"8":6,"9":6,"10":3,"11":3,"12":4,"13":4,"14":4,"15":1,"16":3,"17":4,"18":9,"19":9,"20":9,"21":9,"22":37,"23":37,"24":9,"25":37,"26":0,"27":37,"28":37,"29":37,"30":9,"31":4,"32":37,"33":37,"34":0,"35":0,"36":0,"37":0,"38":0,"39":4,"40":0,"41":0,"42":4},"f":{"0":0,"1":0,"2":6,"3":4,"4":9,"5":37,"6":0},"b":{"0":[0],"1":[3],"2":[6,4],"3":[1],"4":[9],"5":[0],"6":[37,0],"7":[0,0],"8":[0],"9":[0,0],"10":[0]}}
}
