TN:
SF:src/calculations.ts
FN:1,calculateGrossTax
FNF:1
FNH:1
FNDA:10,calculateGrossTax
DA:1,1
DA:6,10
DA:7,10
DA:9,10
DA:10,33
DA:12,33
DA:13,5
DA:16,33
DA:18,33
DA:19,5
DA:20,5
DA:21,5
DA:24,28
DA:25,28
DA:27,28
DA:30,5
LF:16
LH:16
BRDA:12,0,0,5
BRDA:18,1,0,5
BRF:2
BRH:2
end_of_record
TN:
SF:src/constants.ts
FNF:0
FNH:0
DA:1,4
DA:2,4
DA:4,4
DA:6,4
DA:14,4
DA:22,4
DA:30,4
DA:38,4
DA:52,4
DA:81,4
LF:10
LH:10
BRF:0
BRH:0
end_of_record
TN:
SF:src/utils.ts
FN:3,printTaxBrackets
FN:6,(anonymous_1)
FN:17,parseIncome
FN:25,getTaxBrackets
FN:35,parseCustomTaxBracket
FN:59,checkBrackeErrors
FN:71,checkNumberOfArgs
FNF:7
FNH:4
FNDA:0,printTaxBrackets
FNDA:0,(anonymous_1)
FNDA:6,parseIncome
FNDA:4,getTaxBrackets
FNDA:9,parseCustomTaxBracket
FNDA:37,checkBrackeErrors
FNDA:0,checkNumberOfArgs
DA:1,4
DA:3,4
DA:4,0
DA:5,0
DA:7,0
DA:8,0
DA:10,0
DA:13,0
DA:17,4
DA:18,6
DA:19,6
DA:20,3
DA:22,3
DA:25,4
DA:26,4
DA:28,4
DA:29,1
DA:32,3
DA:35,4
DA:36,9
DA:37,9
DA:39,9
DA:40,37
DA:42,37
DA:43,9
DA:47,37
DA:48,0
DA:51,37
DA:52,37
DA:53,37
DA:56,9
DA:59,4
DA:60,37
DA:61,37
DA:62,0
DA:63,0
DA:64,0
DA:65,0
DA:68,0
DA:71,4
DA:72,0
DA:73,0
LF:42
LH:28
BRDA:7,0,0,0
BRDA:19,1,0,3
BRDA:19,2,0,6
BRDA:19,2,1,4
BRDA:28,3,0,1
BRDA:42,4,0,9
BRDA:47,5,0,0
BRDA:60,6,0,37
BRDA:60,6,1,0
BRDA:62,7,0,0
BRDA:62,7,1,0
BRDA:64,8,0,0
BRDA:64,9,0,0
BRDA:64,9,1,0
BRDA:72,10,0,0
BRF:15
BRH:6
end_of_record
